-------------------------------------------------------------------------------
Test set: com.codebattery.mmb.domain.SysUserIntegrationTest
-------------------------------------------------------------------------------
Tests run: 9, Failures: 0, Errors: 8, Skipped: 0, Time elapsed: 5.781 sec <<< FAILURE!
testFindEntries(com.codebattery.mmb.domain.SysUserIntegrationTest)  Time elapsed: 5.45 sec  <<< ERROR!
org.springframework.beans.factory.NoSuchBeanDefinitionException: No bean named 'transactionManager' is defined
	at org.springframework.beans.factory.support.DefaultListableBeanFactory.getBeanDefinition(DefaultListableBeanFactory.java:570)
	at org.springframework.beans.factory.support.AbstractBeanFactory.getMergedLocalBeanDefinition(AbstractBeanFactory.java:1114)
	at org.springframework.beans.factory.support.AbstractBeanFactory.doGetBean(AbstractBeanFactory.java:279)
	at org.springframework.beans.factory.support.AbstractBeanFactory.getBean(AbstractBeanFactory.java:198)
	at org.springframework.transaction.interceptor.TransactionAspectSupport.determineTransactionManager(TransactionAspectSupport.java:331)
	at org.springframework.transaction.interceptor.TransactionAspectSupport.invokeWithinTransaction(TransactionAspectSupport.java:250)
	at org.springframework.transaction.interceptor.TransactionInterceptor.invoke(TransactionInterceptor.java:94)
	at org.springframework.aop.framework.ReflectiveMethodInvocation.proceed(ReflectiveMethodInvocation.java:172)
	at org.springframework.dao.support.PersistenceExceptionTranslationInterceptor.invoke(PersistenceExceptionTranslationInterceptor.java:155)
	at org.springframework.aop.framework.ReflectiveMethodInvocation.proceed(ReflectiveMethodInvocation.java:172)
	at org.springframework.data.jpa.repository.support.LockModeRepositoryPostProcessor$LockModePopulatingMethodIntercceptor.invoke(LockModeRepositoryPostProcessor.java:92)
	at org.springframework.aop.framework.ReflectiveMethodInvocation.proceed(ReflectiveMethodInvocation.java:172)
	at org.springframework.aop.interceptor.ExposeInvocationInterceptor.invoke(ExposeInvocationInterceptor.java:91)
	at org.springframework.aop.framework.ReflectiveMethodInvocation.proceed(ReflectiveMethodInvocation.java:172)
	at org.springframework.aop.framework.JdkDynamicAopProxy.invoke(JdkDynamicAopProxy.java:204)
	at com.sun.proxy.$Proxy25.findAll(Unknown Source)
	at com.codebattery.mmb.domain.SysUserDataOnDemand_Roo_DataOnDemand.ajc$interMethod$com_codebattery_mmb_domain_SysUserDataOnDemand_Roo_DataOnDemand$com_codebattery_mmb_domain_SysUserDataOnDemand$init(SysUserDataOnDemand_Roo_DataOnDemand.aj:68)
	at com.codebattery.mmb.domain.SysUserDataOnDemand.init(SysUserDataOnDemand.java:1)
	at com.codebattery.mmb.domain.SysUserDataOnDemand_Roo_DataOnDemand.ajc$interMethodDispatch1$com_codebattery_mmb_domain_SysUserDataOnDemand_Roo_DataOnDemand$com_codebattery_mmb_domain_SysUserDataOnDemand$init(SysUserDataOnDemand_Roo_DataOnDemand.aj)
	at com.codebattery.mmb.domain.SysUserDataOnDemand_Roo_DataOnDemand.ajc$interMethod$com_codebattery_mmb_domain_SysUserDataOnDemand_Roo_DataOnDemand$com_codebattery_mmb_domain_SysUserDataOnDemand$getRandomSysUser(SysUserDataOnDemand_Roo_DataOnDemand.aj:55)
	at com.codebattery.mmb.domain.SysUserDataOnDemand.getRandomSysUser(SysUserDataOnDemand.java:1)
	at com.codebattery.mmb.domain.SysUserDataOnDemand_Roo_DataOnDemand.ajc$interMethodDispatch1$com_codebattery_mmb_domain_SysUserDataOnDemand_Roo_DataOnDemand$com_codebattery_mmb_domain_SysUserDataOnDemand$getRandomSysUser(SysUserDataOnDemand_Roo_DataOnDemand.aj)
	at com.codebattery.mmb.domain.SysUserIntegrationTest_Roo_IntegrationTest.ajc$interMethod$com_codebattery_mmb_domain_SysUserIntegrationTest_Roo_IntegrationTest$com_codebattery_mmb_domain_SysUserIntegrationTest$testFindEntries(SysUserIntegrationTest_Roo_IntegrationTest.aj:65)
	at com.codebattery.mmb.domain.SysUserIntegrationTest.testFindEntries(SysUserIntegrationTest.java:1)
	at sun.reflect.NativeMethodAccessorImpl.invoke0(Native Method)
	at sun.reflect.NativeMethodAccessorImpl.invoke(Unknown Source)
	at sun.reflect.DelegatingMethodAccessorImpl.invoke(Unknown Source)
	at java.lang.reflect.Method.invoke(Unknown Source)
	at org.junit.runners.model.FrameworkMethod$1.runReflectiveCall(FrameworkMethod.java:47)
	at org.junit.internal.runners.model.ReflectiveCallable.run(ReflectiveCallable.java:12)
	at org.junit.runners.model.FrameworkMethod.invokeExplosively(FrameworkMethod.java:44)
	at org.junit.internal.runners.statements.InvokeMethod.evaluate(InvokeMethod.java:17)
	at org.springframework.test.context.junit4.statements.RunBeforeTestMethodCallbacks.evaluate(RunBeforeTestMethodCallbacks.java:74)
	at org.springframework.test.context.junit4.statements.RunAfterTestMethodCallbacks.evaluate(RunAfterTestMethodCallbacks.java:83)
	at org.springframework.test.context.junit4.statements.SpringRepeat.evaluate(SpringRepeat.java:72)
	at org.springframework.test.context.junit4.SpringJUnit4ClassRunner.runChild(SpringJUnit4ClassRunner.java:231)
	at org.springframework.test.context.junit4.SpringJUnit4ClassRunner.runChild(SpringJUnit4ClassRunner.java:88)
	at org.junit.runners.ParentRunner$3.run(ParentRunner.java:238)
	at org.junit.runners.ParentRunner$1.schedule(ParentRunner.java:63)
	at org.junit.runners.ParentRunner.runChildren(ParentRunner.java:236)
	at org.junit.runners.ParentRunner.access$000(ParentRunner.java:53)
	at org.junit.runners.ParentRunner$2.evaluate(ParentRunner.java:229)
	at org.springframework.test.context.junit4.statements.RunBeforeTestClassCallbacks.evaluate(RunBeforeTestClassCallbacks.java:61)
	at org.springframework.test.context.junit4.statements.RunAfterTestClassCallbacks.evaluate(RunAfterTestClassCallbacks.java:71)
	at org.junit.runners.ParentRunner.run(ParentRunner.java:309)
	at org.springframework.test.context.junit4.SpringJUnit4ClassRunner.run(SpringJUnit4ClassRunner.java:174)
	at org.apache.maven.surefire.junit4.JUnit4Provider.execute(JUnit4Provider.java:236)
	at org.apache.maven.surefire.junit4.JUnit4Provider.executeTestSet(JUnit4Provider.java:134)
	at org.apache.maven.surefire.junit4.JUnit4Provider.invoke(JUnit4Provider.java:113)
	at sun.reflect.NativeMethodAccessorImpl.invoke0(Native Method)
	at sun.reflect.NativeMethodAccessorImpl.invoke(Unknown Source)
	at sun.reflect.DelegatingMethodAccessorImpl.invoke(Unknown Source)
	at java.lang.reflect.Method.invoke(Unknown Source)
	at org.apache.maven.surefire.util.ReflectionUtils.invokeMethodWithArray(ReflectionUtils.java:189)
	at org.apache.maven.surefire.booter.ProviderFactory$ProviderProxy.invoke(ProviderFactory.java:165)
	at org.apache.maven.surefire.booter.ProviderFactory.invokeProvider(ProviderFactory.java:85)
	at org.apache.maven.surefire.booter.ForkedBooter.runSuitesInProcess(ForkedBooter.java:103)
	at org.apache.maven.surefire.booter.ForkedBooter.main(ForkedBooter.java:74)
testFindAll(com.codebattery.mmb.domain.SysUserIntegrationTest)  Time elapsed: 0 sec  <<< ERROR!
org.springframework.beans.factory.NoSuchBeanDefinitionException: No bean named 'transactionManager' is defined
	at org.springframework.beans.factory.support.DefaultListableBeanFactory.getBeanDefinition(DefaultListableBeanFactory.java:570)
	at org.springframework.beans.factory.support.AbstractBeanFactory.getMergedLocalBeanDefinition(AbstractBeanFactory.java:1114)
	at org.springframework.beans.factory.support.AbstractBeanFactory.doGetBean(AbstractBeanFactory.java:279)
	at org.springframework.beans.factory.support.AbstractBeanFactory.getBean(AbstractBeanFactory.java:198)
	at org.springframework.transaction.interceptor.TransactionAspectSupport.determineTransactionManager(TransactionAspectSupport.java:331)
	at org.springframework.transaction.interceptor.TransactionAspectSupport.invokeWithinTransaction(TransactionAspectSupport.java:250)
	at org.springframework.transaction.interceptor.TransactionInterceptor.invoke(TransactionInterceptor.java:94)
	at org.springframework.aop.framework.ReflectiveMethodInvocation.proceed(ReflectiveMethodInvocation.java:172)
	at org.springframework.dao.support.PersistenceExceptionTranslationInterceptor.invoke(PersistenceExceptionTranslationInterceptor.java:155)
	at org.springframework.aop.framework.ReflectiveMethodInvocation.proceed(ReflectiveMethodInvocation.java:172)
	at org.springframework.data.jpa.repository.support.LockModeRepositoryPostProcessor$LockModePopulatingMethodIntercceptor.invoke(LockModeRepositoryPostProcessor.java:92)
	at org.springframework.aop.framework.ReflectiveMethodInvocation.proceed(ReflectiveMethodInvocation.java:172)
	at org.springframework.aop.interceptor.ExposeInvocationInterceptor.invoke(ExposeInvocationInterceptor.java:91)
	at org.springframework.aop.framework.ReflectiveMethodInvocation.proceed(ReflectiveMethodInvocation.java:172)
	at org.springframework.aop.framework.JdkDynamicAopProxy.invoke(JdkDynamicAopProxy.java:204)
	at com.sun.proxy.$Proxy25.findAll(Unknown Source)
	at com.codebattery.mmb.domain.SysUserDataOnDemand_Roo_DataOnDemand.ajc$interMethod$com_codebattery_mmb_domain_SysUserDataOnDemand_Roo_DataOnDemand$com_codebattery_mmb_domain_SysUserDataOnDemand$init(SysUserDataOnDemand_Roo_DataOnDemand.aj:68)
	at com.codebattery.mmb.domain.SysUserDataOnDemand.init(SysUserDataOnDemand.java:1)
	at com.codebattery.mmb.domain.SysUserDataOnDemand_Roo_DataOnDemand.ajc$interMethodDispatch1$com_codebattery_mmb_domain_SysUserDataOnDemand_Roo_DataOnDemand$com_codebattery_mmb_domain_SysUserDataOnDemand$init(SysUserDataOnDemand_Roo_DataOnDemand.aj)
	at com.codebattery.mmb.domain.SysUserDataOnDemand_Roo_DataOnDemand.ajc$interMethod$com_codebattery_mmb_domain_SysUserDataOnDemand_Roo_DataOnDemand$com_codebattery_mmb_domain_SysUserDataOnDemand$getRandomSysUser(SysUserDataOnDemand_Roo_DataOnDemand.aj:55)
	at com.codebattery.mmb.domain.SysUserDataOnDemand.getRandomSysUser(SysUserDataOnDemand.java:1)
	at com.codebattery.mmb.domain.SysUserDataOnDemand_Roo_DataOnDemand.ajc$interMethodDispatch1$com_codebattery_mmb_domain_SysUserDataOnDemand_Roo_DataOnDemand$com_codebattery_mmb_domain_SysUserDataOnDemand$getRandomSysUser(SysUserDataOnDemand_Roo_DataOnDemand.aj)
	at com.codebattery.mmb.domain.SysUserIntegrationTest_Roo_IntegrationTest.ajc$interMethod$com_codebattery_mmb_domain_SysUserIntegrationTest_Roo_IntegrationTest$com_codebattery_mmb_domain_SysUserIntegrationTest$testFindAll(SysUserIntegrationTest_Roo_IntegrationTest.aj:55)
	at com.codebattery.mmb.domain.SysUserIntegrationTest.testFindAll(SysUserIntegrationTest.java:1)
	at sun.reflect.NativeMethodAccessorImpl.invoke0(Native Method)
	at sun.reflect.NativeMethodAccessorImpl.invoke(Unknown Source)
	at sun.reflect.DelegatingMethodAccessorImpl.invoke(Unknown Source)
	at java.lang.reflect.Method.invoke(Unknown Source)
	at org.junit.runners.model.FrameworkMethod$1.runReflectiveCall(FrameworkMethod.java:47)
	at org.junit.internal.runners.model.ReflectiveCallable.run(ReflectiveCallable.java:12)
	at org.junit.runners.model.FrameworkMethod.invokeExplosively(FrameworkMethod.java:44)
	at org.junit.internal.runners.statements.InvokeMethod.evaluate(InvokeMethod.java:17)
	at org.springframework.test.context.junit4.statements.RunBeforeTestMethodCallbacks.evaluate(RunBeforeTestMethodCallbacks.java:74)
	at org.springframework.test.context.junit4.statements.RunAfterTestMethodCallbacks.evaluate(RunAfterTestMethodCallbacks.java:83)
	at org.springframework.test.context.junit4.statements.SpringRepeat.evaluate(SpringRepeat.java:72)
	at org.springframework.test.context.junit4.SpringJUnit4ClassRunner.runChild(SpringJUnit4ClassRunner.java:231)
	at org.springframework.test.context.junit4.SpringJUnit4ClassRunner.runChild(SpringJUnit4ClassRunner.java:88)
	at org.junit.runners.ParentRunner$3.run(ParentRunner.java:238)
	at org.junit.runners.ParentRunner$1.schedule(ParentRunner.java:63)
	at org.junit.runners.ParentRunner.runChildren(ParentRunner.java:236)
	at org.junit.runners.ParentRunner.access$000(ParentRunner.java:53)
	at org.junit.runners.ParentRunner$2.evaluate(ParentRunner.java:229)
	at org.springframework.test.context.junit4.statements.RunBeforeTestClassCallbacks.evaluate(RunBeforeTestClassCallbacks.java:61)
	at org.springframework.test.context.junit4.statements.RunAfterTestClassCallbacks.evaluate(RunAfterTestClassCallbacks.java:71)
	at org.junit.runners.ParentRunner.run(ParentRunner.java:309)
	at org.springframework.test.context.junit4.SpringJUnit4ClassRunner.run(SpringJUnit4ClassRunner.java:174)
	at org.apache.maven.surefire.junit4.JUnit4Provider.execute(JUnit4Provider.java:236)
	at org.apache.maven.surefire.junit4.JUnit4Provider.executeTestSet(JUnit4Provider.java:134)
	at org.apache.maven.surefire.junit4.JUnit4Provider.invoke(JUnit4Provider.java:113)
	at sun.reflect.NativeMethodAccessorImpl.invoke0(Native Method)
	at sun.reflect.NativeMethodAccessorImpl.invoke(Unknown Source)
	at sun.reflect.DelegatingMethodAccessorImpl.invoke(Unknown Source)
	at java.lang.reflect.Method.invoke(Unknown Source)
	at org.apache.maven.surefire.util.ReflectionUtils.invokeMethodWithArray(ReflectionUtils.java:189)
	at org.apache.maven.surefire.booter.ProviderFactory$ProviderProxy.invoke(ProviderFactory.java:165)
	at org.apache.maven.surefire.booter.ProviderFactory.invokeProvider(ProviderFactory.java:85)
	at org.apache.maven.surefire.booter.ForkedBooter.runSuitesInProcess(ForkedBooter.java:103)
	at org.apache.maven.surefire.booter.ForkedBooter.main(ForkedBooter.java:74)
testCount(com.codebattery.mmb.domain.SysUserIntegrationTest)  Time elapsed: 0 sec  <<< ERROR!
org.springframework.beans.factory.NoSuchBeanDefinitionException: No bean named 'transactionManager' is defined
	at org.springframework.beans.factory.support.DefaultListableBeanFactory.getBeanDefinition(DefaultListableBeanFactory.java:570)
	at org.springframework.beans.factory.support.AbstractBeanFactory.getMergedLocalBeanDefinition(AbstractBeanFactory.java:1114)
	at org.springframework.beans.factory.support.AbstractBeanFactory.doGetBean(AbstractBeanFactory.java:279)
	at org.springframework.beans.factory.support.AbstractBeanFactory.getBean(AbstractBeanFactory.java:198)
	at org.springframework.transaction.interceptor.TransactionAspectSupport.determineTransactionManager(TransactionAspectSupport.java:331)
	at org.springframework.transaction.interceptor.TransactionAspectSupport.invokeWithinTransaction(TransactionAspectSupport.java:250)
	at org.springframework.transaction.interceptor.TransactionInterceptor.invoke(TransactionInterceptor.java:94)
	at org.springframework.aop.framework.ReflectiveMethodInvocation.proceed(ReflectiveMethodInvocation.java:172)
	at org.springframework.dao.support.PersistenceExceptionTranslationInterceptor.invoke(PersistenceExceptionTranslationInterceptor.java:155)
	at org.springframework.aop.framework.ReflectiveMethodInvocation.proceed(ReflectiveMethodInvocation.java:172)
	at org.springframework.data.jpa.repository.support.LockModeRepositoryPostProcessor$LockModePopulatingMethodIntercceptor.invoke(LockModeRepositoryPostProcessor.java:92)
	at org.springframework.aop.framework.ReflectiveMethodInvocation.proceed(ReflectiveMethodInvocation.java:172)
	at org.springframework.aop.interceptor.ExposeInvocationInterceptor.invoke(ExposeInvocationInterceptor.java:91)
	at org.springframework.aop.framework.ReflectiveMethodInvocation.proceed(ReflectiveMethodInvocation.java:172)
	at org.springframework.aop.framework.JdkDynamicAopProxy.invoke(JdkDynamicAopProxy.java:204)
	at com.sun.proxy.$Proxy25.findAll(Unknown Source)
	at com.codebattery.mmb.domain.SysUserDataOnDemand_Roo_DataOnDemand.ajc$interMethod$com_codebattery_mmb_domain_SysUserDataOnDemand_Roo_DataOnDemand$com_codebattery_mmb_domain_SysUserDataOnDemand$init(SysUserDataOnDemand_Roo_DataOnDemand.aj:68)
	at com.codebattery.mmb.domain.SysUserDataOnDemand.init(SysUserDataOnDemand.java:1)
	at com.codebattery.mmb.domain.SysUserDataOnDemand_Roo_DataOnDemand.ajc$interMethodDispatch1$com_codebattery_mmb_domain_SysUserDataOnDemand_Roo_DataOnDemand$com_codebattery_mmb_domain_SysUserDataOnDemand$init(SysUserDataOnDemand_Roo_DataOnDemand.aj)
	at com.codebattery.mmb.domain.SysUserDataOnDemand_Roo_DataOnDemand.ajc$interMethod$com_codebattery_mmb_domain_SysUserDataOnDemand_Roo_DataOnDemand$com_codebattery_mmb_domain_SysUserDataOnDemand$getRandomSysUser(SysUserDataOnDemand_Roo_DataOnDemand.aj:55)
	at com.codebattery.mmb.domain.SysUserDataOnDemand.getRandomSysUser(SysUserDataOnDemand.java:1)
	at com.codebattery.mmb.domain.SysUserDataOnDemand_Roo_DataOnDemand.ajc$interMethodDispatch1$com_codebattery_mmb_domain_SysUserDataOnDemand_Roo_DataOnDemand$com_codebattery_mmb_domain_SysUserDataOnDemand$getRandomSysUser(SysUserDataOnDemand_Roo_DataOnDemand.aj)
	at com.codebattery.mmb.domain.SysUserIntegrationTest_Roo_IntegrationTest.ajc$interMethod$com_codebattery_mmb_domain_SysUserIntegrationTest_Roo_IntegrationTest$com_codebattery_mmb_domain_SysUserIntegrationTest$testCount(SysUserIntegrationTest_Roo_IntegrationTest.aj:37)
	at com.codebattery.mmb.domain.SysUserIntegrationTest.testCount(SysUserIntegrationTest.java:1)
	at sun.reflect.NativeMethodAccessorImpl.invoke0(Native Method)
	at sun.reflect.NativeMethodAccessorImpl.invoke(Unknown Source)
	at sun.reflect.DelegatingMethodAccessorImpl.invoke(Unknown Source)
	at java.lang.reflect.Method.invoke(Unknown Source)
	at org.junit.runners.model.FrameworkMethod$1.runReflectiveCall(FrameworkMethod.java:47)
	at org.junit.internal.runners.model.ReflectiveCallable.run(ReflectiveCallable.java:12)
	at org.junit.runners.model.FrameworkMethod.invokeExplosively(FrameworkMethod.java:44)
	at org.junit.internal.runners.statements.InvokeMethod.evaluate(InvokeMethod.java:17)
	at org.springframework.test.context.junit4.statements.RunBeforeTestMethodCallbacks.evaluate(RunBeforeTestMethodCallbacks.java:74)
	at org.springframework.test.context.junit4.statements.RunAfterTestMethodCallbacks.evaluate(RunAfterTestMethodCallbacks.java:83)
	at org.springframework.test.context.junit4.statements.SpringRepeat.evaluate(SpringRepeat.java:72)
	at org.springframework.test.context.junit4.SpringJUnit4ClassRunner.runChild(SpringJUnit4ClassRunner.java:231)
	at org.springframework.test.context.junit4.SpringJUnit4ClassRunner.runChild(SpringJUnit4ClassRunner.java:88)
	at org.junit.runners.ParentRunner$3.run(ParentRunner.java:238)
	at org.junit.runners.ParentRunner$1.schedule(ParentRunner.java:63)
	at org.junit.runners.ParentRunner.runChildren(ParentRunner.java:236)
	at org.junit.runners.ParentRunner.access$000(ParentRunner.java:53)
	at org.junit.runners.ParentRunner$2.evaluate(ParentRunner.java:229)
	at org.springframework.test.context.junit4.statements.RunBeforeTestClassCallbacks.evaluate(RunBeforeTestClassCallbacks.java:61)
	at org.springframework.test.context.junit4.statements.RunAfterTestClassCallbacks.evaluate(RunAfterTestClassCallbacks.java:71)
	at org.junit.runners.ParentRunner.run(ParentRunner.java:309)
	at org.springframework.test.context.junit4.SpringJUnit4ClassRunner.run(SpringJUnit4ClassRunner.java:174)
	at org.apache.maven.surefire.junit4.JUnit4Provider.execute(JUnit4Provider.java:236)
	at org.apache.maven.surefire.junit4.JUnit4Provider.executeTestSet(JUnit4Provider.java:134)
	at org.apache.maven.surefire.junit4.JUnit4Provider.invoke(JUnit4Provider.java:113)
	at sun.reflect.NativeMethodAccessorImpl.invoke0(Native Method)
	at sun.reflect.NativeMethodAccessorImpl.invoke(Unknown Source)
	at sun.reflect.DelegatingMethodAccessorImpl.invoke(Unknown Source)
	at java.lang.reflect.Method.invoke(Unknown Source)
	at org.apache.maven.surefire.util.ReflectionUtils.invokeMethodWithArray(ReflectionUtils.java:189)
	at org.apache.maven.surefire.booter.ProviderFactory$ProviderProxy.invoke(ProviderFactory.java:165)
	at org.apache.maven.surefire.booter.ProviderFactory.invokeProvider(ProviderFactory.java:85)
	at org.apache.maven.surefire.booter.ForkedBooter.runSuitesInProcess(ForkedBooter.java:103)
	at org.apache.maven.surefire.booter.ForkedBooter.main(ForkedBooter.java:74)
testFlush(com.codebattery.mmb.domain.SysUserIntegrationTest)  Time elapsed: 0 sec  <<< ERROR!
org.springframework.beans.factory.NoSuchBeanDefinitionException: No bean named 'transactionManager' is defined
	at org.springframework.beans.factory.support.DefaultListableBeanFactory.getBeanDefinition(DefaultListableBeanFactory.java:570)
	at org.springframework.beans.factory.support.AbstractBeanFactory.getMergedLocalBeanDefinition(AbstractBeanFactory.java:1114)
	at org.springframework.beans.factory.support.AbstractBeanFactory.doGetBean(AbstractBeanFactory.java:279)
	at org.springframework.beans.factory.support.AbstractBeanFactory.getBean(AbstractBeanFactory.java:198)
	at org.springframework.transaction.interceptor.TransactionAspectSupport.determineTransactionManager(TransactionAspectSupport.java:331)
	at org.springframework.transaction.interceptor.TransactionAspectSupport.invokeWithinTransaction(TransactionAspectSupport.java:250)
	at org.springframework.transaction.interceptor.TransactionInterceptor.invoke(TransactionInterceptor.java:94)
	at org.springframework.aop.framework.ReflectiveMethodInvocation.proceed(ReflectiveMethodInvocation.java:172)
	at org.springframework.dao.support.PersistenceExceptionTranslationInterceptor.invoke(PersistenceExceptionTranslationInterceptor.java:155)
	at org.springframework.aop.framework.ReflectiveMethodInvocation.proceed(ReflectiveMethodInvocation.java:172)
	at org.springframework.data.jpa.repository.support.LockModeRepositoryPostProcessor$LockModePopulatingMethodIntercceptor.invoke(LockModeRepositoryPostProcessor.java:92)
	at org.springframework.aop.framework.ReflectiveMethodInvocation.proceed(ReflectiveMethodInvocation.java:172)
	at org.springframework.aop.interceptor.ExposeInvocationInterceptor.invoke(ExposeInvocationInterceptor.java:91)
	at org.springframework.aop.framework.ReflectiveMethodInvocation.proceed(ReflectiveMethodInvocation.java:172)
	at org.springframework.aop.framework.JdkDynamicAopProxy.invoke(JdkDynamicAopProxy.java:204)
	at com.sun.proxy.$Proxy25.findAll(Unknown Source)
	at com.codebattery.mmb.domain.SysUserDataOnDemand_Roo_DataOnDemand.ajc$interMethod$com_codebattery_mmb_domain_SysUserDataOnDemand_Roo_DataOnDemand$com_codebattery_mmb_domain_SysUserDataOnDemand$init(SysUserDataOnDemand_Roo_DataOnDemand.aj:68)
	at com.codebattery.mmb.domain.SysUserDataOnDemand.init(SysUserDataOnDemand.java:1)
	at com.codebattery.mmb.domain.SysUserDataOnDemand_Roo_DataOnDemand.ajc$interMethodDispatch1$com_codebattery_mmb_domain_SysUserDataOnDemand_Roo_DataOnDemand$com_codebattery_mmb_domain_SysUserDataOnDemand$init(SysUserDataOnDemand_Roo_DataOnDemand.aj)
	at com.codebattery.mmb.domain.SysUserDataOnDemand_Roo_DataOnDemand.ajc$interMethod$com_codebattery_mmb_domain_SysUserDataOnDemand_Roo_DataOnDemand$com_codebattery_mmb_domain_SysUserDataOnDemand$getRandomSysUser(SysUserDataOnDemand_Roo_DataOnDemand.aj:55)
	at com.codebattery.mmb.domain.SysUserDataOnDemand.getRandomSysUser(SysUserDataOnDemand.java:1)
	at com.codebattery.mmb.domain.SysUserDataOnDemand_Roo_DataOnDemand.ajc$interMethodDispatch1$com_codebattery_mmb_domain_SysUserDataOnDemand_Roo_DataOnDemand$com_codebattery_mmb_domain_SysUserDataOnDemand$getRandomSysUser(SysUserDataOnDemand_Roo_DataOnDemand.aj)
	at com.codebattery.mmb.domain.SysUserIntegrationTest_Roo_IntegrationTest.ajc$interMethod$com_codebattery_mmb_domain_SysUserIntegrationTest_Roo_IntegrationTest$com_codebattery_mmb_domain_SysUserIntegrationTest$testFlush(SysUserIntegrationTest_Roo_IntegrationTest.aj:77)
	at com.codebattery.mmb.domain.SysUserIntegrationTest.testFlush(SysUserIntegrationTest.java:1)
	at sun.reflect.NativeMethodAccessorImpl.invoke0(Native Method)
	at sun.reflect.NativeMethodAccessorImpl.invoke(Unknown Source)
	at sun.reflect.DelegatingMethodAccessorImpl.invoke(Unknown Source)
	at java.lang.reflect.Method.invoke(Unknown Source)
	at org.junit.runners.model.FrameworkMethod$1.runReflectiveCall(FrameworkMethod.java:47)
	at org.junit.internal.runners.model.ReflectiveCallable.run(ReflectiveCallable.java:12)
	at org.junit.runners.model.FrameworkMethod.invokeExplosively(FrameworkMethod.java:44)
	at org.junit.internal.runners.statements.InvokeMethod.evaluate(InvokeMethod.java:17)
	at org.springframework.test.context.junit4.statements.RunBeforeTestMethodCallbacks.evaluate(RunBeforeTestMethodCallbacks.java:74)
	at org.springframework.test.context.junit4.statements.RunAfterTestMethodCallbacks.evaluate(RunAfterTestMethodCallbacks.java:83)
	at org.springframework.test.context.junit4.statements.SpringRepeat.evaluate(SpringRepeat.java:72)
	at org.springframework.test.context.junit4.SpringJUnit4ClassRunner.runChild(SpringJUnit4ClassRunner.java:231)
	at org.springframework.test.context.junit4.SpringJUnit4ClassRunner.runChild(SpringJUnit4ClassRunner.java:88)
	at org.junit.runners.ParentRunner$3.run(ParentRunner.java:238)
	at org.junit.runners.ParentRunner$1.schedule(ParentRunner.java:63)
	at org.junit.runners.ParentRunner.runChildren(ParentRunner.java:236)
	at org.junit.runners.ParentRunner.access$000(ParentRunner.java:53)
	at org.junit.runners.ParentRunner$2.evaluate(ParentRunner.java:229)
	at org.springframework.test.context.junit4.statements.RunBeforeTestClassCallbacks.evaluate(RunBeforeTestClassCallbacks.java:61)
	at org.springframework.test.context.junit4.statements.RunAfterTestClassCallbacks.evaluate(RunAfterTestClassCallbacks.java:71)
	at org.junit.runners.ParentRunner.run(ParentRunner.java:309)
	at org.springframework.test.context.junit4.SpringJUnit4ClassRunner.run(SpringJUnit4ClassRunner.java:174)
	at org.apache.maven.surefire.junit4.JUnit4Provider.execute(JUnit4Provider.java:236)
	at org.apache.maven.surefire.junit4.JUnit4Provider.executeTestSet(JUnit4Provider.java:134)
	at org.apache.maven.surefire.junit4.JUnit4Provider.invoke(JUnit4Provider.java:113)
	at sun.reflect.NativeMethodAccessorImpl.invoke0(Native Method)
	at sun.reflect.NativeMethodAccessorImpl.invoke(Unknown Source)
	at sun.reflect.DelegatingMethodAccessorImpl.invoke(Unknown Source)
	at java.lang.reflect.Method.invoke(Unknown Source)
	at org.apache.maven.surefire.util.ReflectionUtils.invokeMethodWithArray(ReflectionUtils.java:189)
	at org.apache.maven.surefire.booter.ProviderFactory$ProviderProxy.invoke(ProviderFactory.java:165)
	at org.apache.maven.surefire.booter.ProviderFactory.invokeProvider(ProviderFactory.java:85)
	at org.apache.maven.surefire.booter.ForkedBooter.runSuitesInProcess(ForkedBooter.java:103)
	at org.apache.maven.surefire.booter.ForkedBooter.main(ForkedBooter.java:74)
testFind(com.codebattery.mmb.domain.SysUserIntegrationTest)  Time elapsed: 0 sec  <<< ERROR!
org.springframework.beans.factory.NoSuchBeanDefinitionException: No bean named 'transactionManager' is defined
	at org.springframework.beans.factory.support.DefaultListableBeanFactory.getBeanDefinition(DefaultListableBeanFactory.java:570)
	at org.springframework.beans.factory.support.AbstractBeanFactory.getMergedLocalBeanDefinition(AbstractBeanFactory.java:1114)
	at org.springframework.beans.factory.support.AbstractBeanFactory.doGetBean(AbstractBeanFactory.java:279)
	at org.springframework.beans.factory.support.AbstractBeanFactory.getBean(AbstractBeanFactory.java:198)
	at org.springframework.transaction.interceptor.TransactionAspectSupport.determineTransactionManager(TransactionAspectSupport.java:331)
	at org.springframework.transaction.interceptor.TransactionAspectSupport.invokeWithinTransaction(TransactionAspectSupport.java:250)
	at org.springframework.transaction.interceptor.TransactionInterceptor.invoke(TransactionInterceptor.java:94)
	at org.springframework.aop.framework.ReflectiveMethodInvocation.proceed(ReflectiveMethodInvocation.java:172)
	at org.springframework.dao.support.PersistenceExceptionTranslationInterceptor.invoke(PersistenceExceptionTranslationInterceptor.java:155)
	at org.springframework.aop.framework.ReflectiveMethodInvocation.proceed(ReflectiveMethodInvocation.java:172)
	at org.springframework.data.jpa.repository.support.LockModeRepositoryPostProcessor$LockModePopulatingMethodIntercceptor.invoke(LockModeRepositoryPostProcessor.java:92)
	at org.springframework.aop.framework.ReflectiveMethodInvocation.proceed(ReflectiveMethodInvocation.java:172)
	at org.springframework.aop.interceptor.ExposeInvocationInterceptor.invoke(ExposeInvocationInterceptor.java:91)
	at org.springframework.aop.framework.ReflectiveMethodInvocation.proceed(ReflectiveMethodInvocation.java:172)
	at org.springframework.aop.framework.JdkDynamicAopProxy.invoke(JdkDynamicAopProxy.java:204)
	at com.sun.proxy.$Proxy25.findAll(Unknown Source)
	at com.codebattery.mmb.domain.SysUserDataOnDemand_Roo_DataOnDemand.ajc$interMethod$com_codebattery_mmb_domain_SysUserDataOnDemand_Roo_DataOnDemand$com_codebattery_mmb_domain_SysUserDataOnDemand$init(SysUserDataOnDemand_Roo_DataOnDemand.aj:68)
	at com.codebattery.mmb.domain.SysUserDataOnDemand.init(SysUserDataOnDemand.java:1)
	at com.codebattery.mmb.domain.SysUserDataOnDemand_Roo_DataOnDemand.ajc$interMethodDispatch1$com_codebattery_mmb_domain_SysUserDataOnDemand_Roo_DataOnDemand$com_codebattery_mmb_domain_SysUserDataOnDemand$init(SysUserDataOnDemand_Roo_DataOnDemand.aj)
	at com.codebattery.mmb.domain.SysUserDataOnDemand_Roo_DataOnDemand.ajc$interMethod$com_codebattery_mmb_domain_SysUserDataOnDemand_Roo_DataOnDemand$com_codebattery_mmb_domain_SysUserDataOnDemand$getRandomSysUser(SysUserDataOnDemand_Roo_DataOnDemand.aj:55)
	at com.codebattery.mmb.domain.SysUserDataOnDemand.getRandomSysUser(SysUserDataOnDemand.java:1)
	at com.codebattery.mmb.domain.SysUserDataOnDemand_Roo_DataOnDemand.ajc$interMethodDispatch1$com_codebattery_mmb_domain_SysUserDataOnDemand_Roo_DataOnDemand$com_codebattery_mmb_domain_SysUserDataOnDemand$getRandomSysUser(SysUserDataOnDemand_Roo_DataOnDemand.aj)
	at com.codebattery.mmb.domain.SysUserIntegrationTest_Roo_IntegrationTest.ajc$interMethod$com_codebattery_mmb_domain_SysUserIntegrationTest_Roo_IntegrationTest$com_codebattery_mmb_domain_SysUserIntegrationTest$testFind(SysUserIntegrationTest_Roo_IntegrationTest.aj:44)
	at com.codebattery.mmb.domain.SysUserIntegrationTest.testFind(SysUserIntegrationTest.java:1)
	at sun.reflect.NativeMethodAccessorImpl.invoke0(Native Method)
	at sun.reflect.NativeMethodAccessorImpl.invoke(Unknown Source)
	at sun.reflect.DelegatingMethodAccessorImpl.invoke(Unknown Source)
	at java.lang.reflect.Method.invoke(Unknown Source)
	at org.junit.runners.model.FrameworkMethod$1.runReflectiveCall(FrameworkMethod.java:47)
	at org.junit.internal.runners.model.ReflectiveCallable.run(ReflectiveCallable.java:12)
	at org.junit.runners.model.FrameworkMethod.invokeExplosively(FrameworkMethod.java:44)
	at org.junit.internal.runners.statements.InvokeMethod.evaluate(InvokeMethod.java:17)
	at org.springframework.test.context.junit4.statements.RunBeforeTestMethodCallbacks.evaluate(RunBeforeTestMethodCallbacks.java:74)
	at org.springframework.test.context.junit4.statements.RunAfterTestMethodCallbacks.evaluate(RunAfterTestMethodCallbacks.java:83)
	at org.springframework.test.context.junit4.statements.SpringRepeat.evaluate(SpringRepeat.java:72)
	at org.springframework.test.context.junit4.SpringJUnit4ClassRunner.runChild(SpringJUnit4ClassRunner.java:231)
	at org.springframework.test.context.junit4.SpringJUnit4ClassRunner.runChild(SpringJUnit4ClassRunner.java:88)
	at org.junit.runners.ParentRunner$3.run(ParentRunner.java:238)
	at org.junit.runners.ParentRunner$1.schedule(ParentRunner.java:63)
	at org.junit.runners.ParentRunner.runChildren(ParentRunner.java:236)
	at org.junit.runners.ParentRunner.access$000(ParentRunner.java:53)
	at org.junit.runners.ParentRunner$2.evaluate(ParentRunner.java:229)
	at org.springframework.test.context.junit4.statements.RunBeforeTestClassCallbacks.evaluate(RunBeforeTestClassCallbacks.java:61)
	at org.springframework.test.context.junit4.statements.RunAfterTestClassCallbacks.evaluate(RunAfterTestClassCallbacks.java:71)
	at org.junit.runners.ParentRunner.run(ParentRunner.java:309)
	at org.springframework.test.context.junit4.SpringJUnit4ClassRunner.run(SpringJUnit4ClassRunner.java:174)
	at org.apache.maven.surefire.junit4.JUnit4Provider.execute(JUnit4Provider.java:236)
	at org.apache.maven.surefire.junit4.JUnit4Provider.executeTestSet(JUnit4Provider.java:134)
	at org.apache.maven.surefire.junit4.JUnit4Provider.invoke(JUnit4Provider.java:113)
	at sun.reflect.NativeMethodAccessorImpl.invoke0(Native Method)
	at sun.reflect.NativeMethodAccessorImpl.invoke(Unknown Source)
	at sun.reflect.DelegatingMethodAccessorImpl.invoke(Unknown Source)
	at java.lang.reflect.Method.invoke(Unknown Source)
	at org.apache.maven.surefire.util.ReflectionUtils.invokeMethodWithArray(ReflectionUtils.java:189)
	at org.apache.maven.surefire.booter.ProviderFactory$ProviderProxy.invoke(ProviderFactory.java:165)
	at org.apache.maven.surefire.booter.ProviderFactory.invokeProvider(ProviderFactory.java:85)
	at org.apache.maven.surefire.booter.ForkedBooter.runSuitesInProcess(ForkedBooter.java:103)
	at org.apache.maven.surefire.booter.ForkedBooter.main(ForkedBooter.java:74)
testSave(com.codebattery.mmb.domain.SysUserIntegrationTest)  Time elapsed: 0 sec  <<< ERROR!
org.springframework.beans.factory.NoSuchBeanDefinitionException: No bean named 'transactionManager' is defined
	at org.springframework.beans.factory.support.DefaultListableBeanFactory.getBeanDefinition(DefaultListableBeanFactory.java:570)
	at org.springframework.beans.factory.support.AbstractBeanFactory.getMergedLocalBeanDefinition(AbstractBeanFactory.java:1114)
	at org.springframework.beans.factory.support.AbstractBeanFactory.doGetBean(AbstractBeanFactory.java:279)
	at org.springframework.beans.factory.support.AbstractBeanFactory.getBean(AbstractBeanFactory.java:198)
	at org.springframework.transaction.interceptor.TransactionAspectSupport.determineTransactionManager(TransactionAspectSupport.java:331)
	at org.springframework.transaction.interceptor.TransactionAspectSupport.invokeWithinTransaction(TransactionAspectSupport.java:250)
	at org.springframework.transaction.interceptor.TransactionInterceptor.invoke(TransactionInterceptor.java:94)
	at org.springframework.aop.framework.ReflectiveMethodInvocation.proceed(ReflectiveMethodInvocation.java:172)
	at org.springframework.dao.support.PersistenceExceptionTranslationInterceptor.invoke(PersistenceExceptionTranslationInterceptor.java:155)
	at org.springframework.aop.framework.ReflectiveMethodInvocation.proceed(ReflectiveMethodInvocation.java:172)
	at org.springframework.data.jpa.repository.support.LockModeRepositoryPostProcessor$LockModePopulatingMethodIntercceptor.invoke(LockModeRepositoryPostProcessor.java:92)
	at org.springframework.aop.framework.ReflectiveMethodInvocation.proceed(ReflectiveMethodInvocation.java:172)
	at org.springframework.aop.interceptor.ExposeInvocationInterceptor.invoke(ExposeInvocationInterceptor.java:91)
	at org.springframework.aop.framework.ReflectiveMethodInvocation.proceed(ReflectiveMethodInvocation.java:172)
	at org.springframework.aop.framework.JdkDynamicAopProxy.invoke(JdkDynamicAopProxy.java:204)
	at com.sun.proxy.$Proxy25.findAll(Unknown Source)
	at com.codebattery.mmb.domain.SysUserDataOnDemand_Roo_DataOnDemand.ajc$interMethod$com_codebattery_mmb_domain_SysUserDataOnDemand_Roo_DataOnDemand$com_codebattery_mmb_domain_SysUserDataOnDemand$init(SysUserDataOnDemand_Roo_DataOnDemand.aj:68)
	at com.codebattery.mmb.domain.SysUserDataOnDemand.init(SysUserDataOnDemand.java:1)
	at com.codebattery.mmb.domain.SysUserDataOnDemand_Roo_DataOnDemand.ajc$interMethodDispatch1$com_codebattery_mmb_domain_SysUserDataOnDemand_Roo_DataOnDemand$com_codebattery_mmb_domain_SysUserDataOnDemand$init(SysUserDataOnDemand_Roo_DataOnDemand.aj)
	at com.codebattery.mmb.domain.SysUserDataOnDemand_Roo_DataOnDemand.ajc$interMethod$com_codebattery_mmb_domain_SysUserDataOnDemand_Roo_DataOnDemand$com_codebattery_mmb_domain_SysUserDataOnDemand$getRandomSysUser(SysUserDataOnDemand_Roo_DataOnDemand.aj:55)
	at com.codebattery.mmb.domain.SysUserDataOnDemand.getRandomSysUser(SysUserDataOnDemand.java:1)
	at com.codebattery.mmb.domain.SysUserDataOnDemand_Roo_DataOnDemand.ajc$interMethodDispatch1$com_codebattery_mmb_domain_SysUserDataOnDemand_Roo_DataOnDemand$com_codebattery_mmb_domain_SysUserDataOnDemand$getRandomSysUser(SysUserDataOnDemand_Roo_DataOnDemand.aj)
	at com.codebattery.mmb.domain.SysUserIntegrationTest_Roo_IntegrationTest.ajc$interMethod$com_codebattery_mmb_domain_SysUserIntegrationTest_Roo_IntegrationTest$com_codebattery_mmb_domain_SysUserIntegrationTest$testSave(SysUserIntegrationTest_Roo_IntegrationTest.aj:106)
	at com.codebattery.mmb.domain.SysUserIntegrationTest.testSave(SysUserIntegrationTest.java:1)
	at sun.reflect.NativeMethodAccessorImpl.invoke0(Native Method)
	at sun.reflect.NativeMethodAccessorImpl.invoke(Unknown Source)
	at sun.reflect.DelegatingMethodAccessorImpl.invoke(Unknown Source)
	at java.lang.reflect.Method.invoke(Unknown Source)
	at org.junit.runners.model.FrameworkMethod$1.runReflectiveCall(FrameworkMethod.java:47)
	at org.junit.internal.runners.model.ReflectiveCallable.run(ReflectiveCallable.java:12)
	at org.junit.runners.model.FrameworkMethod.invokeExplosively(FrameworkMethod.java:44)
	at org.junit.internal.runners.statements.InvokeMethod.evaluate(InvokeMethod.java:17)
	at org.springframework.test.context.junit4.statements.RunBeforeTestMethodCallbacks.evaluate(RunBeforeTestMethodCallbacks.java:74)
	at org.springframework.test.context.junit4.statements.RunAfterTestMethodCallbacks.evaluate(RunAfterTestMethodCallbacks.java:83)
	at org.springframework.test.context.junit4.statements.SpringRepeat.evaluate(SpringRepeat.java:72)
	at org.springframework.test.context.junit4.SpringJUnit4ClassRunner.runChild(SpringJUnit4ClassRunner.java:231)
	at org.springframework.test.context.junit4.SpringJUnit4ClassRunner.runChild(SpringJUnit4ClassRunner.java:88)
	at org.junit.runners.ParentRunner$3.run(ParentRunner.java:238)
	at org.junit.runners.ParentRunner$1.schedule(ParentRunner.java:63)
	at org.junit.runners.ParentRunner.runChildren(ParentRunner.java:236)
	at org.junit.runners.ParentRunner.access$000(ParentRunner.java:53)
	at org.junit.runners.ParentRunner$2.evaluate(ParentRunner.java:229)
	at org.springframework.test.context.junit4.statements.RunBeforeTestClassCallbacks.evaluate(RunBeforeTestClassCallbacks.java:61)
	at org.springframework.test.context.junit4.statements.RunAfterTestClassCallbacks.evaluate(RunAfterTestClassCallbacks.java:71)
	at org.junit.runners.ParentRunner.run(ParentRunner.java:309)
	at org.springframework.test.context.junit4.SpringJUnit4ClassRunner.run(SpringJUnit4ClassRunner.java:174)
	at org.apache.maven.surefire.junit4.JUnit4Provider.execute(JUnit4Provider.java:236)
	at org.apache.maven.surefire.junit4.JUnit4Provider.executeTestSet(JUnit4Provider.java:134)
	at org.apache.maven.surefire.junit4.JUnit4Provider.invoke(JUnit4Provider.java:113)
	at sun.reflect.NativeMethodAccessorImpl.invoke0(Native Method)
	at sun.reflect.NativeMethodAccessorImpl.invoke(Unknown Source)
	at sun.reflect.DelegatingMethodAccessorImpl.invoke(Unknown Source)
	at java.lang.reflect.Method.invoke(Unknown Source)
	at org.apache.maven.surefire.util.ReflectionUtils.invokeMethodWithArray(ReflectionUtils.java:189)
	at org.apache.maven.surefire.booter.ProviderFactory$ProviderProxy.invoke(ProviderFactory.java:165)
	at org.apache.maven.surefire.booter.ProviderFactory.invokeProvider(ProviderFactory.java:85)
	at org.apache.maven.surefire.booter.ForkedBooter.runSuitesInProcess(ForkedBooter.java:103)
	at org.apache.maven.surefire.booter.ForkedBooter.main(ForkedBooter.java:74)
testSaveUpdate(com.codebattery.mmb.domain.SysUserIntegrationTest)  Time elapsed: 0.003 sec  <<< ERROR!
org.springframework.beans.factory.NoSuchBeanDefinitionException: No bean named 'transactionManager' is defined
	at org.springframework.beans.factory.support.DefaultListableBeanFactory.getBeanDefinition(DefaultListableBeanFactory.java:570)
	at org.springframework.beans.factory.support.AbstractBeanFactory.getMergedLocalBeanDefinition(AbstractBeanFactory.java:1114)
	at org.springframework.beans.factory.support.AbstractBeanFactory.doGetBean(AbstractBeanFactory.java:279)
	at org.springframework.beans.factory.support.AbstractBeanFactory.getBean(AbstractBeanFactory.java:198)
	at org.springframework.transaction.interceptor.TransactionAspectSupport.determineTransactionManager(TransactionAspectSupport.java:331)
	at org.springframework.transaction.interceptor.TransactionAspectSupport.invokeWithinTransaction(TransactionAspectSupport.java:250)
	at org.springframework.transaction.interceptor.TransactionInterceptor.invoke(TransactionInterceptor.java:94)
	at org.springframework.aop.framework.ReflectiveMethodInvocation.proceed(ReflectiveMethodInvocation.java:172)
	at org.springframework.dao.support.PersistenceExceptionTranslationInterceptor.invoke(PersistenceExceptionTranslationInterceptor.java:155)
	at org.springframework.aop.framework.ReflectiveMethodInvocation.proceed(ReflectiveMethodInvocation.java:172)
	at org.springframework.data.jpa.repository.support.LockModeRepositoryPostProcessor$LockModePopulatingMethodIntercceptor.invoke(LockModeRepositoryPostProcessor.java:92)
	at org.springframework.aop.framework.ReflectiveMethodInvocation.proceed(ReflectiveMethodInvocation.java:172)
	at org.springframework.aop.interceptor.ExposeInvocationInterceptor.invoke(ExposeInvocationInterceptor.java:91)
	at org.springframework.aop.framework.ReflectiveMethodInvocation.proceed(ReflectiveMethodInvocation.java:172)
	at org.springframework.aop.framework.JdkDynamicAopProxy.invoke(JdkDynamicAopProxy.java:204)
	at com.sun.proxy.$Proxy25.findAll(Unknown Source)
	at com.codebattery.mmb.domain.SysUserDataOnDemand_Roo_DataOnDemand.ajc$interMethod$com_codebattery_mmb_domain_SysUserDataOnDemand_Roo_DataOnDemand$com_codebattery_mmb_domain_SysUserDataOnDemand$init(SysUserDataOnDemand_Roo_DataOnDemand.aj:68)
	at com.codebattery.mmb.domain.SysUserDataOnDemand.init(SysUserDataOnDemand.java:1)
	at com.codebattery.mmb.domain.SysUserDataOnDemand_Roo_DataOnDemand.ajc$interMethodDispatch1$com_codebattery_mmb_domain_SysUserDataOnDemand_Roo_DataOnDemand$com_codebattery_mmb_domain_SysUserDataOnDemand$init(SysUserDataOnDemand_Roo_DataOnDemand.aj)
	at com.codebattery.mmb.domain.SysUserDataOnDemand_Roo_DataOnDemand.ajc$interMethod$com_codebattery_mmb_domain_SysUserDataOnDemand_Roo_DataOnDemand$com_codebattery_mmb_domain_SysUserDataOnDemand$getRandomSysUser(SysUserDataOnDemand_Roo_DataOnDemand.aj:55)
	at com.codebattery.mmb.domain.SysUserDataOnDemand.getRandomSysUser(SysUserDataOnDemand.java:1)
	at com.codebattery.mmb.domain.SysUserDataOnDemand_Roo_DataOnDemand.ajc$interMethodDispatch1$com_codebattery_mmb_domain_SysUserDataOnDemand_Roo_DataOnDemand$com_codebattery_mmb_domain_SysUserDataOnDemand$getRandomSysUser(SysUserDataOnDemand_Roo_DataOnDemand.aj)
	at com.codebattery.mmb.domain.SysUserIntegrationTest_Roo_IntegrationTest.ajc$interMethod$com_codebattery_mmb_domain_SysUserIntegrationTest_Roo_IntegrationTest$com_codebattery_mmb_domain_SysUserIntegrationTest$testSaveUpdate(SysUserIntegrationTest_Roo_IntegrationTest.aj:91)
	at com.codebattery.mmb.domain.SysUserIntegrationTest.testSaveUpdate(SysUserIntegrationTest.java:1)
	at sun.reflect.NativeMethodAccessorImpl.invoke0(Native Method)
	at sun.reflect.NativeMethodAccessorImpl.invoke(Unknown Source)
	at sun.reflect.DelegatingMethodAccessorImpl.invoke(Unknown Source)
	at java.lang.reflect.Method.invoke(Unknown Source)
	at org.junit.runners.model.FrameworkMethod$1.runReflectiveCall(FrameworkMethod.java:47)
	at org.junit.internal.runners.model.ReflectiveCallable.run(ReflectiveCallable.java:12)
	at org.junit.runners.model.FrameworkMethod.invokeExplosively(FrameworkMethod.java:44)
	at org.junit.internal.runners.statements.InvokeMethod.evaluate(InvokeMethod.java:17)
	at org.springframework.test.context.junit4.statements.RunBeforeTestMethodCallbacks.evaluate(RunBeforeTestMethodCallbacks.java:74)
	at org.springframework.test.context.junit4.statements.RunAfterTestMethodCallbacks.evaluate(RunAfterTestMethodCallbacks.java:83)
	at org.springframework.test.context.junit4.statements.SpringRepeat.evaluate(SpringRepeat.java:72)
	at org.springframework.test.context.junit4.SpringJUnit4ClassRunner.runChild(SpringJUnit4ClassRunner.java:231)
	at org.springframework.test.context.junit4.SpringJUnit4ClassRunner.runChild(SpringJUnit4ClassRunner.java:88)
	at org.junit.runners.ParentRunner$3.run(ParentRunner.java:238)
	at org.junit.runners.ParentRunner$1.schedule(ParentRunner.java:63)
	at org.junit.runners.ParentRunner.runChildren(ParentRunner.java:236)
	at org.junit.runners.ParentRunner.access$000(ParentRunner.java:53)
	at org.junit.runners.ParentRunner$2.evaluate(ParentRunner.java:229)
	at org.springframework.test.context.junit4.statements.RunBeforeTestClassCallbacks.evaluate(RunBeforeTestClassCallbacks.java:61)
	at org.springframework.test.context.junit4.statements.RunAfterTestClassCallbacks.evaluate(RunAfterTestClassCallbacks.java:71)
	at org.junit.runners.ParentRunner.run(ParentRunner.java:309)
	at org.springframework.test.context.junit4.SpringJUnit4ClassRunner.run(SpringJUnit4ClassRunner.java:174)
	at org.apache.maven.surefire.junit4.JUnit4Provider.execute(JUnit4Provider.java:236)
	at org.apache.maven.surefire.junit4.JUnit4Provider.executeTestSet(JUnit4Provider.java:134)
	at org.apache.maven.surefire.junit4.JUnit4Provider.invoke(JUnit4Provider.java:113)
	at sun.reflect.NativeMethodAccessorImpl.invoke0(Native Method)
	at sun.reflect.NativeMethodAccessorImpl.invoke(Unknown Source)
	at sun.reflect.DelegatingMethodAccessorImpl.invoke(Unknown Source)
	at java.lang.reflect.Method.invoke(Unknown Source)
	at org.apache.maven.surefire.util.ReflectionUtils.invokeMethodWithArray(ReflectionUtils.java:189)
	at org.apache.maven.surefire.booter.ProviderFactory$ProviderProxy.invoke(ProviderFactory.java:165)
	at org.apache.maven.surefire.booter.ProviderFactory.invokeProvider(ProviderFactory.java:85)
	at org.apache.maven.surefire.booter.ForkedBooter.runSuitesInProcess(ForkedBooter.java:103)
	at org.apache.maven.surefire.booter.ForkedBooter.main(ForkedBooter.java:74)
testDelete(com.codebattery.mmb.domain.SysUserIntegrationTest)  Time elapsed: 0.002 sec  <<< ERROR!
org.springframework.beans.factory.NoSuchBeanDefinitionException: No bean named 'transactionManager' is defined
	at org.springframework.beans.factory.support.DefaultListableBeanFactory.getBeanDefinition(DefaultListableBeanFactory.java:570)
	at org.springframework.beans.factory.support.AbstractBeanFactory.getMergedLocalBeanDefinition(AbstractBeanFactory.java:1114)
	at org.springframework.beans.factory.support.AbstractBeanFactory.doGetBean(AbstractBeanFactory.java:279)
	at org.springframework.beans.factory.support.AbstractBeanFactory.getBean(AbstractBeanFactory.java:198)
	at org.springframework.transaction.interceptor.TransactionAspectSupport.determineTransactionManager(TransactionAspectSupport.java:331)
	at org.springframework.transaction.interceptor.TransactionAspectSupport.invokeWithinTransaction(TransactionAspectSupport.java:250)
	at org.springframework.transaction.interceptor.TransactionInterceptor.invoke(TransactionInterceptor.java:94)
	at org.springframework.aop.framework.ReflectiveMethodInvocation.proceed(ReflectiveMethodInvocation.java:172)
	at org.springframework.dao.support.PersistenceExceptionTranslationInterceptor.invoke(PersistenceExceptionTranslationInterceptor.java:155)
	at org.springframework.aop.framework.ReflectiveMethodInvocation.proceed(ReflectiveMethodInvocation.java:172)
	at org.springframework.data.jpa.repository.support.LockModeRepositoryPostProcessor$LockModePopulatingMethodIntercceptor.invoke(LockModeRepositoryPostProcessor.java:92)
	at org.springframework.aop.framework.ReflectiveMethodInvocation.proceed(ReflectiveMethodInvocation.java:172)
	at org.springframework.aop.interceptor.ExposeInvocationInterceptor.invoke(ExposeInvocationInterceptor.java:91)
	at org.springframework.aop.framework.ReflectiveMethodInvocation.proceed(ReflectiveMethodInvocation.java:172)
	at org.springframework.aop.framework.JdkDynamicAopProxy.invoke(JdkDynamicAopProxy.java:204)
	at com.sun.proxy.$Proxy25.findAll(Unknown Source)
	at com.codebattery.mmb.domain.SysUserDataOnDemand_Roo_DataOnDemand.ajc$interMethod$com_codebattery_mmb_domain_SysUserDataOnDemand_Roo_DataOnDemand$com_codebattery_mmb_domain_SysUserDataOnDemand$init(SysUserDataOnDemand_Roo_DataOnDemand.aj:68)
	at com.codebattery.mmb.domain.SysUserDataOnDemand.init(SysUserDataOnDemand.java:1)
	at com.codebattery.mmb.domain.SysUserDataOnDemand_Roo_DataOnDemand.ajc$interMethodDispatch1$com_codebattery_mmb_domain_SysUserDataOnDemand_Roo_DataOnDemand$com_codebattery_mmb_domain_SysUserDataOnDemand$init(SysUserDataOnDemand_Roo_DataOnDemand.aj)
	at com.codebattery.mmb.domain.SysUserDataOnDemand_Roo_DataOnDemand.ajc$interMethod$com_codebattery_mmb_domain_SysUserDataOnDemand_Roo_DataOnDemand$com_codebattery_mmb_domain_SysUserDataOnDemand$getRandomSysUser(SysUserDataOnDemand_Roo_DataOnDemand.aj:55)
	at com.codebattery.mmb.domain.SysUserDataOnDemand.getRandomSysUser(SysUserDataOnDemand.java:1)
	at com.codebattery.mmb.domain.SysUserDataOnDemand_Roo_DataOnDemand.ajc$interMethodDispatch1$com_codebattery_mmb_domain_SysUserDataOnDemand_Roo_DataOnDemand$com_codebattery_mmb_domain_SysUserDataOnDemand$getRandomSysUser(SysUserDataOnDemand_Roo_DataOnDemand.aj)
	at com.codebattery.mmb.domain.SysUserIntegrationTest_Roo_IntegrationTest.ajc$interMethod$com_codebattery_mmb_domain_SysUserIntegrationTest_Roo_IntegrationTest$com_codebattery_mmb_domain_SysUserIntegrationTest$testDelete(SysUserIntegrationTest_Roo_IntegrationTest.aj:126)
	at com.codebattery.mmb.domain.SysUserIntegrationTest.testDelete(SysUserIntegrationTest.java:1)
	at sun.reflect.NativeMethodAccessorImpl.invoke0(Native Method)
	at sun.reflect.NativeMethodAccessorImpl.invoke(Unknown Source)
	at sun.reflect.DelegatingMethodAccessorImpl.invoke(Unknown Source)
	at java.lang.reflect.Method.invoke(Unknown Source)
	at org.junit.runners.model.FrameworkMethod$1.runReflectiveCall(FrameworkMethod.java:47)
	at org.junit.internal.runners.model.ReflectiveCallable.run(ReflectiveCallable.java:12)
	at org.junit.runners.model.FrameworkMethod.invokeExplosively(FrameworkMethod.java:44)
	at org.junit.internal.runners.statements.InvokeMethod.evaluate(InvokeMethod.java:17)
	at org.springframework.test.context.junit4.statements.RunBeforeTestMethodCallbacks.evaluate(RunBeforeTestMethodCallbacks.java:74)
	at org.springframework.test.context.junit4.statements.RunAfterTestMethodCallbacks.evaluate(RunAfterTestMethodCallbacks.java:83)
	at org.springframework.test.context.junit4.statements.SpringRepeat.evaluate(SpringRepeat.java:72)
	at org.springframework.test.context.junit4.SpringJUnit4ClassRunner.runChild(SpringJUnit4ClassRunner.java:231)
	at org.springframework.test.context.junit4.SpringJUnit4ClassRunner.runChild(SpringJUnit4ClassRunner.java:88)
	at org.junit.runners.ParentRunner$3.run(ParentRunner.java:238)
	at org.junit.runners.ParentRunner$1.schedule(ParentRunner.java:63)
	at org.junit.runners.ParentRunner.runChildren(ParentRunner.java:236)
	at org.junit.runners.ParentRunner.access$000(ParentRunner.java:53)
	at org.junit.runners.ParentRunner$2.evaluate(ParentRunner.java:229)
	at org.springframework.test.context.junit4.statements.RunBeforeTestClassCallbacks.evaluate(RunBeforeTestClassCallbacks.java:61)
	at org.springframework.test.context.junit4.statements.RunAfterTestClassCallbacks.evaluate(RunAfterTestClassCallbacks.java:71)
	at org.junit.runners.ParentRunner.run(ParentRunner.java:309)
	at org.springframework.test.context.junit4.SpringJUnit4ClassRunner.run(SpringJUnit4ClassRunner.java:174)
	at org.apache.maven.surefire.junit4.JUnit4Provider.execute(JUnit4Provider.java:236)
	at org.apache.maven.surefire.junit4.JUnit4Provider.executeTestSet(JUnit4Provider.java:134)
	at org.apache.maven.surefire.junit4.JUnit4Provider.invoke(JUnit4Provider.java:113)
	at sun.reflect.NativeMethodAccessorImpl.invoke0(Native Method)
	at sun.reflect.NativeMethodAccessorImpl.invoke(Unknown Source)
	at sun.reflect.DelegatingMethodAccessorImpl.invoke(Unknown Source)
	at java.lang.reflect.Method.invoke(Unknown Source)
	at org.apache.maven.surefire.util.ReflectionUtils.invokeMethodWithArray(ReflectionUtils.java:189)
	at org.apache.maven.surefire.booter.ProviderFactory$ProviderProxy.invoke(ProviderFactory.java:165)
	at org.apache.maven.surefire.booter.ProviderFactory.invokeProvider(ProviderFactory.java:85)
	at org.apache.maven.surefire.booter.ForkedBooter.runSuitesInProcess(ForkedBooter.java:103)
	at org.apache.maven.surefire.booter.ForkedBooter.main(ForkedBooter.java:74)
